<?xml version="1.0" encoding="UTF-8"?>
<!-- Generated by org.testng.reporters.JUnitXMLReporter -->
<testsuite hostname="techmojos-MacBook-Pro-2.local" ignored="0" name="Command line test" tests="1" failures="0" timestamp="26 Jul 2020 21:49:36 GMT" time="0.278" errors="0">
  <testcase name="@BeforeMethod init" time="0.248" classname="com.techmojo.web.automation.testcases.LoginPageTest">
    <failure type="java.lang.StackOverflowError">
      <![CDATA[java.lang.StackOverflowError
at java.lang.Exception.<init>(Exception.java:102)
at java.lang.ReflectiveOperationException.<init>(ReflectiveOperationException.java:89)
at java.lang.Class.newInstance(Class.java:442)
at org.openqa.selenium.support.PageFactory.instantiatePage(PageFactory.java:131)
at org.openqa.selenium.support.PageFactory.initElements(PageFactory.java:64)
at com.techmojo.web.automation.pages.LoginPage.<init>(LoginPage.java:23)
at java.lang.Class.newInstance(Class.java:442)
at org.openqa.selenium.support.PageFactory.instantiatePage(PageFactory.java:131)
at org.openqa.selenium.support.PageFactory.initElements(PageFactory.java:64)
at com.techmojo.web.automation.pages.LoginPage.<init>(LoginPage.java:23)
at java.lang.Class.newInstance(Class.java:442)
at org.openqa.selenium.support.PageFactory.instantiatePage(PageFactory.java:131)
at org.openqa.selenium.support.PageFactory.initElements(PageFactory.java:64)
at com.techmojo.web.automation.pages.LoginPage.<init>(LoginPage.java:23)
at java.lang.Class.newInstance(Class.java:442)
at org.openqa.selenium.support.PageFactory.instantiatePage(PageFactory.java:131)
at org.openqa.selenium.support.PageFactory.initElements(PageFactory.java:64)
at com.techmojo.web.automation.pages.LoginPage.<init>(LoginPage.java:23)
at java.lang.Class.newInstance(Class.java:442)
at org.openqa.selenium.support.PageFactory.instantiatePage(PageFactory.java:131)
at org.openqa.selenium.support.PageFactory.initElements(PageFactory.java:64)
at com.techmojo.web.automation.pages.LoginPage.<init>(LoginPage.java:23)
at java.lang.Class.newInstance(Class.java:442)
at org.openqa.selenium.support.PageFactory.instantiatePage(PageFactory.java:131)
at org.openqa.selenium.support.PageFactory.initElements(PageFactory.java:64)
at com.techmojo.web.automation.pages.LoginPage.<init>(LoginPage.java:23)
at java.lang.Class.newInstance(Class.java:442)
at org.openqa.selenium.support.PageFactory.instantiatePage(PageFactory.java:131)
at org.openqa.selenium.support.PageFactory.initElements(PageFactory.java:64)
at com.techmojo.web.automation.pages.LoginPage.<init>(LoginPage.java:23)
at java.lang.Class.newInstance(Class.java:442)
at org.openqa.selenium.support.PageFactory.instantiatePage(PageFactory.java:131)
at org.openqa.selenium.support.PageFactory.initElements(PageFactory.java:64)
at com.techmojo.web.automation.pages.LoginPage.<init>(LoginPage.java:23)
at java.lang.Class.newInstance(Class.java:442)
at org.openqa.selenium.support.PageFactory.instantiatePage(PageFactory.java:131)
at org.openqa.selenium.support.PageFactory.initElements(PageFactory.java:64)
at com.techmojo.web.automation.pages.LoginPage.<init>(LoginPage.java:23)
at java.lang.Class.newInstance(Class.java:442)
at org.openqa.selenium.support.PageFactory.instantiatePage(PageFactory.java:131)
at org.openqa.selenium.support.PageFactory.initElements(PageFactory.java:64)
at com.techmojo.web.automation.pages.LoginPage.<init>(LoginPage.java:23)
at java.lang.Class.newInstance(Class.java:442)
at org.openqa.selenium.support.PageFactory.instantiatePage(PageFactory.java:131)
at org.openqa.selenium.support.PageFactory.initElements(PageFactory.java:64)
at com.techmojo.web.automation.pages.LoginPage.<init>(LoginPage.java:23)
at java.lang.Class.newInstance(Class.java:442)
at org.openqa.selenium.support.PageFactory.instantiatePage(PageFactory.java:131)
at org.openqa.selenium.support.PageFactory.initElements(PageFactory.java:64)
at com.techmojo.web.automation.pages.LoginPage.<init>(LoginPage.java:23)
at java.lang.Class.newInstance(Class.java:442)
at org.openqa.selenium.support.PageFactory.instantiatePage(PageFactory.java:131)
at org.openqa.selenium.support.PageFactory.initElements(PageFactory.java:64)
at com.techmojo.web.automation.pages.LoginPage.<init>(LoginPage.java:23)
at java.lang.Class.newInstance(Class.java:442)
at org.openqa.selenium.support.PageFactory.instantiatePage(PageFactory.java:131)
at org.openqa.selenium.support.PageFactory.initElements(PageFactory.java:64)
at com.techmojo.web.automation.pages.LoginPage.<init>(LoginPage.java:23)
at java.lang.Class.newInstance(Class.java:442)
at org.openqa.selenium.support.PageFactory.instantiatePage(PageFactory.java:131)
at org.openqa.selenium.support.PageFactory.initElements(PageFactory.java:64)
at com.techmojo.web.automation.pages.LoginPage.<init>(LoginPage.java:23)
at java.lang.Class.newInstance(Class.java:442)
at org.openqa.selenium.support.PageFactory.instantiatePage(PageFactory.java:131)
at org.openqa.selenium.support.PageFactory.initElements(PageFactory.java:64)
at com.techmojo.web.automation.pages.LoginPage.<init>(LoginPage.java:23)
at java.lang.Class.newInstance(Class.java:442)
at org.openqa.selenium.support.PageFactory.instantiatePage(PageFactory.java:131)
at org.openqa.selenium.support.PageFactory.initElements(PageFactory.java:64)
at com.techmojo.web.automation.pages.LoginPage.<init>(LoginPage.java:23)
at java.lang.Class.newInstance(Class.java:442)
at org.openqa.selenium.support.PageFactory.instantiatePage(PageFactory.java:131)
at org.openqa.selenium.support.PageFactory.initElements(PageFactory.java:64)
at com.techmojo.web.automation.pages.LoginPage.<init>(LoginPage.java:23)
at java.lang.Class.newInstance(Class.java:442)
at org.openqa.selenium.support.PageFactory.instantiatePage(PageFactory.java:131)
at org.openqa.selenium.support.PageFactory.initElements(PageFactory.java:64)
at com.techmojo.web.automation.pages.LoginPage.<init>(LoginPage.java:23)
at java.lang.Class.newInstance(Class.java:442)
at org.openqa.selenium.support.PageFactory.instantiatePage(PageFactory.java:131)
at org.openqa.selenium.support.PageFactory.initElements(PageFactory.java:64)
at com.techmojo.web.automation.pages.LoginPage.<init>(LoginPage.java:23)
at java.lang.Class.newInstance(Class.java:442)
at org.openqa.selenium.support.PageFactory.instantiatePage(PageFactory.java:131)
at org.openqa.selenium.support.PageFactory.initElements(PageFactory.java:64)
at com.techmojo.web.automation.pages.LoginPage.<init>(LoginPage.java:23)
at java.lang.Class.newInstance(Class.java:442)
at org.openqa.selenium.support.PageFactory.instantiatePage(PageFactory.java:131)
at org.openqa.selenium.support.PageFactory.initElements(PageFactory.java:64)
at com.techmojo.web.automation.pages.LoginPage.<init>(LoginPage.java:23)
at java.lang.Class.newInstance(Class.java:442)
at org.openqa.selenium.support.PageFactory.instantiatePage(PageFactory.java:131)
at org.openqa.selenium.support.PageFactory.initElements(PageFactory.java:64)
at com.techmojo.web.automation.pages.LoginPage.<init>(LoginPage.java:23)
at java.lang.Class.newInstance(Class.java:442)
at org.openqa.selenium.support.PageFactory.instantiatePage(PageFactory.java:131)
at org.openqa.selenium.support.PageFactory.initElements(PageFactory.java:64)
at com.techmojo.web.automation.pages.LoginPage.<init>(LoginPage.java:23)
at java.lang.Class.newInstance(Class.java:442)
at org.openqa.selenium.support.PageFactory.instantiatePage(PageFactory.java:131)
at org.openqa.selenium.support.PageFactory.initElements(PageFactory.java:64)
at com.techmojo.web.automation.pages.LoginPage.<init>(LoginPage.java:23)
at java.lang.Class.newInstance(Class.java:442)
at org.openqa.selenium.support.PageFactory.instantiatePage(PageFactory.java:131)
at org.openqa.selenium.support.PageFactory.initElements(PageFactory.java:64)
at com.techmojo.web.automation.pages.LoginPage.<init>(LoginPage.java:23)
at java.lang.Class.newInstance(Class.java:442)
at org.openqa.selenium.support.PageFactory.instantiatePage(PageFactory.java:131)
at org.openqa.selenium.support.PageFactory.initElements(PageFactory.java:64)
at com.techmojo.web.automation.pages.LoginPage.<init>(LoginPage.java:23)
at java.lang.Class.newInstance(Class.java:442)
at org.openqa.selenium.support.PageFactory.instantiatePage(PageFactory.java:131)
at org.openqa.selenium.support.PageFactory.initElements(PageFactory.java:64)
at com.techmojo.web.automation.pages.LoginPage.<init>(LoginPage.java:23)
at java.lang.Class.newInstance(Class.java:442)
at org.openqa.selenium.support.PageFactory.instantiatePage(PageFactory.java:131)
at org.openqa.selenium.support.PageFactory.initElements(PageFactory.java:64)
at com.techmojo.web.automation.pages.LoginPage.<init>(LoginPage.java:23)
at java.lang.Class.newInstance(Class.java:442)
at org.openqa.selenium.support.PageFactory.instantiatePage(PageFactory.java:131)
at org.openqa.selenium.support.PageFactory.initElements(PageFactory.java:64)
at com.techmojo.web.automation.pages.LoginPage.<init>(LoginPage.java:23)
at java.lang.Class.newInstance(Class.java:442)
at org.openqa.selenium.support.PageFactory.instantiatePage(PageFactory.java:131)
at org.openqa.selenium.support.PageFactory.initElements(PageFactory.java:64)
at com.techmojo.web.automation.pages.LoginPage.<init>(LoginPage.java:23)
at java.lang.Class.newInstance(Class.java:442)
at org.openqa.selenium.support.PageFactory.instantiatePage(PageFactory.java:131)
at org.openqa.selenium.support.PageFactory.initElements(PageFactory.java:64)
at com.techmojo.web.automation.pages.LoginPage.<init>(LoginPage.java:23)
at java.lang.Class.newInstance(Class.java:442)
at org.openqa.selenium.support.PageFactory.instantiatePage(PageFactory.java:131)
at org.openqa.selenium.support.PageFactory.initElements(PageFactory.java:64)
at com.techmojo.web.automation.pages.LoginPage.<init>(LoginPage.java:23)
at java.lang.Class.newInstance(Class.java:442)
at org.openqa.selenium.support.PageFactory.instantiatePage(PageFactory.java:131)
at org.openqa.selenium.support.PageFactory.initElements(PageFactory.java:64)
at com.techmojo.web.automation.pages.LoginPage.<init>(LoginPage.java:23)
at java.lang.Class.newInstance(Class.java:442)
at org.openqa.selenium.support.PageFactory.instantiatePage(PageFactory.java:131)
at org.openqa.selenium.support.PageFactory.initElements(PageFactory.java:64)
at com.techmojo.web.automation.pages.LoginPage.<init>(LoginPage.java:23)
at java.lang.Class.newInstance(Class.java:442)
at org.openqa.selenium.support.PageFactory.instantiatePage(PageFactory.java:131)
at org.openqa.selenium.support.PageFactory.initElements(PageFactory.java:64)
at com.techmojo.web.automation.pages.LoginPage.<init>(LoginPage.java:23)
at java.lang.Class.newInstance(Class.java:442)
at org.openqa.selenium.support.PageFactory.instantiatePage(PageFactory.java:131)
at org.openqa.selenium.support.PageFactory.initElements(PageFactory.java:64)
at com.techmojo.web.automation.pages.LoginPage.<init>(LoginPage.java:23)
at java.lang.Class.newInstance(Class.java:442)
at org.openqa.selenium.support.PageFactory.instantiatePage(PageFactory.java:131)
at org.openqa.selenium.support.PageFactory.initElements(PageFactory.java:64)
at com.techmojo.web.automation.pages.LoginPage.<init>(LoginPage.java:23)
at java.lang.Class.newInstance(Class.java:442)
at org.openqa.selenium.support.PageFactory.instantiatePage(PageFactory.java:131)
at org.openqa.selenium.support.PageFactory.initElements(PageFactory.java:64)
at com.techmojo.web.automation.pages.LoginPage.<init>(LoginPage.java:23)
at java.lang.Class.newInstance(Class.java:442)
at org.openqa.selenium.support.PageFactory.instantiatePage(PageFactory.java:131)
at org.openqa.selenium.support.PageFactory.initElements(PageFactory.java:64)
at com.techmojo.web.automation.pages.LoginPage.<init>(LoginPage.java:23)
at java.lang.Class.newInstance(Class.java:442)
at org.openqa.selenium.support.PageFactory.instantiatePage(PageFactory.java:131)
at org.openqa.selenium.support.PageFactory.initElements(PageFactory.java:64)
at com.techmojo.web.automation.pages.LoginPage.<init>(LoginPage.java:23)
at java.lang.Class.newInstance(Class.java:442)
at org.openqa.selenium.support.PageFactory.instantiatePage(PageFactory.java:131)
at org.openqa.selenium.support.PageFactory.initElements(PageFactory.java:64)
at com.techmojo.web.automation.pages.LoginPage.<init>(LoginPage.java:23)
at java.lang.Class.newInstance(Class.java:442)
at org.openqa.selenium.support.PageFactory.instantiatePage(PageFactory.java:131)
at org.openqa.selenium.support.PageFactory.initElements(PageFactory.java:64)
at com.techmojo.web.automation.pages.LoginPage.<init>(LoginPage.java:23)
at java.lang.Class.newInstance(Class.java:442)
at org.openqa.selenium.support.PageFactory.instantiatePage(PageFactory.java:131)
at org.openqa.selenium.support.PageFactory.initElements(PageFactory.java:64)
at com.techmojo.web.automation.pages.LoginPage.<init>(LoginPage.java:23)
at java.lang.Class.newInstance(Class.java:442)
at org.openqa.selenium.support.PageFactory.instantiatePage(PageFactory.java:131)
at org.openqa.selenium.support.PageFactory.initElements(PageFactory.java:64)
at com.techmojo.web.automation.pages.LoginPage.<init>(LoginPage.java:23)
at java.lang.Class.newInstance(Class.java:442)
at org.openqa.selenium.support.PageFactory.instantiatePage(PageFactory.java:131)
at org.openqa.selenium.support.PageFactory.initElements(PageFactory.java:64)
at com.techmojo.web.automation.pages.LoginPage.<init>(LoginPage.java:23)
at java.lang.Class.newInstance(Class.java:442)
at org.openqa.selenium.support.PageFactory.instantiatePage(PageFactory.java:131)
at org.openqa.selenium.support.PageFactory.initElements(PageFactory.java:64)
at com.techmojo.web.automation.pages.LoginPage.<init>(LoginPage.java:23)
at java.lang.Class.newInstance(Class.java:442)
at org.openqa.selenium.support.PageFactory.instantiatePage(PageFactory.java:131)
at org.openqa.selenium.support.PageFactory.initElements(PageFactory.java:64)
at com.techmojo.web.automation.pages.LoginPage.<init>(LoginPage.java:23)
at java.lang.Class.newInstance(Class.java:442)
at org.openqa.selenium.support.PageFactory.instantiatePage(PageFactory.java:131)
at org.openqa.selenium.support.PageFactory.initElements(PageFactory.java:64)
at com.techmojo.web.automation.pages.LoginPage.<init>(LoginPage.java:23)
at java.lang.Class.newInstance(Class.java:442)
at org.openqa.selenium.support.PageFactory.instantiatePage(PageFactory.java:131)
at org.openqa.selenium.support.PageFactory.initElements(PageFactory.java:64)
at com.techmojo.web.automation.pages.LoginPage.<init>(LoginPage.java:23)
at java.lang.Class.newInstance(Class.java:442)
at org.openqa.selenium.support.PageFactory.instantiatePage(PageFactory.java:131)
at org.openqa.selenium.support.PageFactory.initElements(PageFactory.java:64)
at com.techmojo.web.automation.pages.LoginPage.<init>(LoginPage.java:23)
at java.lang.Class.newInstance(Class.java:442)
at org.openqa.selenium.support.PageFactory.instantiatePage(PageFactory.java:131)
at org.openqa.selenium.support.PageFactory.initElements(PageFactory.java:64)
at com.techmojo.web.automation.pages.LoginPage.<init>(LoginPage.java:23)
at java.lang.Class.newInstance(Class.java:442)
at org.openqa.selenium.support.PageFactory.instantiatePage(PageFactory.java:131)
at org.openqa.selenium.support.PageFactory.initElements(PageFactory.java:64)
at com.techmojo.web.automation.pages.LoginPage.<init>(LoginPage.java:23)
at java.lang.Class.newInstance(Class.java:442)
at org.openqa.selenium.support.PageFactory.instantiatePage(PageFactory.java:131)
at org.openqa.selenium.support.PageFactory.initElements(PageFactory.java:64)
at com.techmojo.web.automation.pages.LoginPage.<init>(LoginPage.java:23)
at java.lang.Class.newInstance(Class.java:442)
at org.openqa.selenium.support.PageFactory.instantiatePage(PageFactory.java:131)
at org.openqa.selenium.support.PageFactory.initElements(PageFactory.java:64)
at com.techmojo.web.automation.pages.LoginPage.<init>(LoginPage.java:23)
at java.lang.Class.newInstance(Class.java:442)
at org.openqa.selenium.support.PageFactory.instantiatePage(PageFactory.java:131)
at org.openqa.selenium.support.PageFactory.initElements(PageFactory.java:64)
at com.techmojo.web.automation.pages.LoginPage.<init>(LoginPage.java:23)
at java.lang.Class.newInstance(Class.java:442)
at org.openqa.selenium.support.PageFactory.instantiatePage(PageFactory.java:131)
at org.openqa.selenium.support.PageFactory.initElements(PageFactory.java:64)
at com.techmojo.web.automation.pages.LoginPage.<init>(LoginPage.java:23)
at java.lang.Class.newInstance(Class.java:442)
at org.openqa.selenium.support.PageFactory.instantiatePage(PageFactory.java:131)
at org.openqa.selenium.support.PageFactory.initElements(PageFactory.java:64)
at com.techmojo.web.automation.pages.LoginPage.<init>(LoginPage.java:23)
at java.lang.Class.newInstance(Class.java:442)
at org.openqa.selenium.support.PageFactory.instantiatePage(PageFactory.java:131)
at org.openqa.selenium.support.PageFactory.initElements(PageFactory.java:64)
at com.techmojo.web.automation.pages.LoginPage.<init>(LoginPage.java:23)
at java.lang.Class.newInstance(Class.java:442)
at org.openqa.selenium.support.PageFactory.instantiatePage(PageFactory.java:131)
at org.openqa.selenium.support.PageFactory.initElements(PageFactory.java:64)
at com.techmojo.web.automation.pages.LoginPage.<init>(LoginPage.java:23)
at java.lang.Class.newInstance(Class.java:442)
at org.openqa.selenium.support.PageFactory.instantiatePage(PageFactory.java:131)
at org.openqa.selenium.support.PageFactory.initElements(PageFactory.java:64)
at com.techmojo.web.automation.pages.LoginPage.<init>(LoginPage.java:23)
at java.lang.Class.newInstance(Class.java:442)
at org.openqa.selenium.support.PageFactory.instantiatePage(PageFactory.java:131)
at org.openqa.selenium.support.PageFactory.initElements(PageFactory.java:64)
at com.techmojo.web.automation.pages.LoginPage.<init>(LoginPage.java:23)
at java.lang.Class.newInstance(Class.java:442)
at org.openqa.selenium.support.PageFactory.instantiatePage(PageFactory.java:131)
at org.openqa.selenium.support.PageFactory.initElements(PageFactory.java:64)
at com.techmojo.web.automation.pages.LoginPage.<init>(LoginPage.java:23)
at java.lang.Class.newInstance(Class.java:442)
at org.openqa.selenium.support.PageFactory.instantiatePage(PageFactory.java:131)
at org.openqa.selenium.support.PageFactory.initElements(PageFactory.java:64)
at com.techmojo.web.automation.pages.LoginPage.<init>(LoginPage.java:23)
at java.lang.Class.newInstance(Class.java:442)
at org.openqa.selenium.support.PageFactory.instantiatePage(PageFactory.java:131)
at org.openqa.selenium.support.PageFactory.initElements(PageFactory.java:64)
at com.techmojo.web.automation.pages.LoginPage.<init>(LoginPage.java:23)
at java.lang.Class.newInstance(Class.java:442)
at org.openqa.selenium.support.PageFactory.instantiatePage(PageFactory.java:131)
at org.openqa.selenium.support.PageFactory.initElements(PageFactory.java:64)
at com.techmojo.web.automation.pages.LoginPage.<init>(LoginPage.java:23)
at java.lang.Class.newInstance(Class.java:442)
at org.openqa.selenium.support.PageFactory.instantiatePage(PageFactory.java:131)
at org.openqa.selenium.support.PageFactory.initElements(PageFactory.java:64)
at com.techmojo.web.automation.pages.LoginPage.<init>(LoginPage.java:23)
at java.lang.Class.newInstance(Class.java:442)
at org.openqa.selenium.support.PageFactory.instantiatePage(PageFactory.java:131)
at org.openqa.selenium.support.PageFactory.initElements(PageFactory.java:64)
at com.techmojo.web.automation.pages.LoginPage.<init>(LoginPage.java:23)
at java.lang.Class.newInstance(Class.java:442)
at org.openqa.selenium.support.PageFactory.instantiatePage(PageFactory.java:131)
at org.openqa.selenium.support.PageFactory.initElements(PageFactory.java:64)
at com.techmojo.web.automation.pages.LoginPage.<init>(LoginPage.java:23)
at java.lang.Class.newInstance(Class.java:442)
at org.openqa.selenium.support.PageFactory.instantiatePage(PageFactory.java:131)
at org.openqa.selenium.support.PageFactory.initElements(PageFactory.java:64)
at com.techmojo.web.automation.pages.LoginPage.<init>(LoginPage.java:23)
at java.lang.Class.newInstance(Class.java:442)
at org.openqa.selenium.support.PageFactory.instantiatePage(PageFactory.java:131)
at org.openqa.selenium.support.PageFactory.initElements(PageFactory.java:64)
at com.techmojo.web.automation.pages.LoginPage.<init>(LoginPage.java:23)
at java.lang.Class.newInstance(Class.java:442)
at org.openqa.selenium.support.PageFactory.instantiatePage(PageFactory.java:131)
at org.openqa.selenium.support.PageFactory.initElements(PageFactory.java:64)
at com.techmojo.web.automation.pages.LoginPage.<init>(LoginPage.java:23)
at java.lang.Class.newInstance(Class.java:442)
at org.openqa.selenium.support.PageFactory.instantiatePage(PageFactory.java:131)
at org.openqa.selenium.support.PageFactory.initElements(PageFactory.java:64)
at com.techmojo.web.automation.pages.LoginPage.<init>(LoginPage.java:23)
at java.lang.Class.newInstance(Class.java:442)
at org.openqa.selenium.support.PageFactory.instantiatePage(PageFactory.java:131)
at org.openqa.selenium.support.PageFactory.initElements(PageFactory.java:64)
at com.techmojo.web.automation.pages.LoginPage.<init>(LoginPage.java:23)
at java.lang.Class.newInstance(Class.java:442)
at org.openqa.selenium.support.PageFactory.instantiatePage(PageFactory.java:131)
at org.openqa.selenium.support.PageFactory.initElements(PageFactory.java:64)
at com.techmojo.web.automation.pages.LoginPage.<init>(LoginPage.java:23)
at java.lang.Class.newInstance(Class.java:442)
at org.openqa.selenium.support.PageFactory.instantiatePage(PageFactory.java:131)
at org.openqa.selenium.support.PageFactory.initElements(PageFactory.java:64)
at com.techmojo.web.automation.pages.LoginPage.<init>(LoginPage.java:23)
at java.lang.Class.newInstance(Class.java:442)
at org.openqa.selenium.support.PageFactory.instantiatePage(PageFactory.java:131)
at org.openqa.selenium.support.PageFactory.initElements(PageFactory.java:64)
at com.techmojo.web.automation.pages.LoginPage.<init>(LoginPage.java:23)
at java.lang.Class.newInstance(Class.java:442)
at org.openqa.selenium.support.PageFactory.instantiatePage(PageFactory.java:131)
at org.openqa.selenium.support.PageFactory.initElements(PageFactory.java:64)
at com.techmojo.web.automation.pages.LoginPage.<init>(LoginPage.java:23)
at java.lang.Class.newInstance(Class.java:442)
at org.openqa.selenium.support.PageFactory.instantiatePage(PageFactory.java:131)
at org.openqa.selenium.support.PageFactory.initElements(PageFactory.java:64)
at com.techmojo.web.automation.pages.LoginPage.<init>(LoginPage.java:23)
at java.lang.Class.newInstance(Class.java:442)
at org.openqa.selenium.support.PageFactory.instantiatePage(PageFactory.java:131)
at org.openqa.selenium.support.PageFactory.initElements(PageFactory.java:64)
at com.techmojo.web.automation.pages.LoginPage.<init>(LoginPage.java:23)
at java.lang.Class.newInstance(Class.java:442)
at org.openqa.selenium.support.PageFactory.instantiatePage(PageFactory.java:131)
at org.openqa.selenium.support.PageFactory.initElements(PageFactory.java:64)
at com.techmojo.web.automation.pages.LoginPage.<init>(LoginPage.java:23)
at java.lang.Class.newInstance(Class.java:442)
at org.openqa.selenium.support.PageFactory.instantiatePage(PageFactory.java:131)
at org.openqa.selenium.support.PageFactory.initElements(PageFactory.java:64)
at com.techmojo.web.automation.pages.LoginPage.<init>(LoginPage.java:23)
at java.lang.Class.newInstance(Class.java:442)
at org.openqa.selenium.support.PageFactory.instantiatePage(PageFactory.java:131)
at org.openqa.selenium.support.PageFactory.initElements(PageFactory.java:64)
at com.techmojo.web.automation.pages.LoginPage.<init>(LoginPage.java:23)
at java.lang.Class.newInstance(Class.java:442)
at org.openqa.selenium.support.PageFactory.instantiatePage(PageFactory.java:131)
at org.openqa.selenium.support.PageFactory.initElements(PageFactory.java:64)
at com.techmojo.web.automation.pages.LoginPage.<init>(LoginPage.java:23)
at java.lang.Class.newInstance(Class.java:442)
at org.openqa.selenium.support.PageFactory.instantiatePage(PageFactory.java:131)
at org.openqa.selenium.support.PageFactory.initElements(PageFactory.java:64)
at com.techmojo.web.automation.pages.LoginPage.<init>(LoginPage.java:23)
at java.lang.Class.newInstance(Class.java:442)
at org.openqa.selenium.support.PageFactory.instantiatePage(PageFactory.java:131)
at org.openqa.selenium.support.PageFactory.initElements(PageFactory.java:64)
at com.techmojo.web.automation.pages.LoginPage.<init>(LoginPage.java:23)
at java.lang.Class.newInstance(Class.java:442)
at org.openqa.selenium.support.PageFactory.instantiatePage(PageFactory.java:131)
at org.openqa.selenium.support.PageFactory.initElements(PageFactory.java:64)
at com.techmojo.web.automation.pages.LoginPage.<init>(LoginPage.java:23)
at java.lang.Class.newInstance(Class.java:442)
at org.openqa.selenium.support.PageFactory.instantiatePage(PageFactory.java:131)
at org.openqa.selenium.support.PageFactory.initElements(PageFactory.java:64)
at com.techmojo.web.automation.pages.LoginPage.<init>(LoginPage.java:23)
at java.lang.Class.newInstance(Class.java:442)
at org.openqa.selenium.support.PageFactory.instantiatePage(PageFactory.java:131)
at org.openqa.selenium.support.PageFactory.initElements(PageFactory.java:64)
at com.techmojo.web.automation.pages.LoginPage.<init>(LoginPage.java:23)
at java.lang.Class.newInstance(Class.java:442)
at org.openqa.selenium.support.PageFactory.instantiatePage(PageFactory.java:131)
at org.openqa.selenium.support.PageFactory.initElements(PageFactory.java:64)
at com.techmojo.web.automation.pages.LoginPage.<init>(LoginPage.java:23)
at java.lang.Class.newInstance(Class.java:442)
at org.openqa.selenium.support.PageFactory.instantiatePage(PageFactory.java:131)
at org.openqa.selenium.support.PageFactory.initElements(PageFactory.java:64)
at com.techmojo.web.automation.pages.LoginPage.<init>(LoginPage.java:23)
at java.lang.Class.newInstance(Class.java:442)
at org.openqa.selenium.support.PageFactory.instantiatePage(PageFactory.java:131)
at org.openqa.selenium.support.PageFactory.initElements(PageFactory.java:64)
at com.techmojo.web.automation.pages.LoginPage.<init>(LoginPage.java:23)
at java.lang.Class.newInstance(Class.java:442)
at org.openqa.selenium.support.PageFactory.instantiatePage(PageFactory.java:131)
at org.openqa.selenium.support.PageFactory.initElements(PageFactory.java:64)
at com.techmojo.web.automation.pages.LoginPage.<init>(LoginPage.java:23)
at java.lang.Class.newInstance(Class.java:442)
at org.openqa.selenium.support.PageFactory.instantiatePage(PageFactory.java:131)
at org.openqa.selenium.support.PageFactory.initElements(PageFactory.java:64)
at com.techmojo.web.automation.pages.LoginPage.<init>(LoginPage.java:23)
at java.lang.Class.newInstance(Class.java:442)
at org.openqa.selenium.support.PageFactory.instantiatePage(PageFactory.java:131)
at org.openqa.selenium.support.PageFactory.initElements(PageFactory.java:64)
at com.techmojo.web.automation.pages.LoginPage.<init>(LoginPage.java:23)
at java.lang.Class.newInstance(Class.java:442)
at org.openqa.selenium.support.PageFactory.instantiatePage(PageFactory.java:131)
at org.openqa.selenium.support.PageFactory.initElements(PageFactory.java:64)
at com.techmojo.web.automation.pages.LoginPage.<init>(LoginPage.java:23)
at java.lang.Class.newInstance(Class.java:442)
at org.openqa.selenium.support.PageFactory.instantiatePage(PageFactory.java:131)
at org.openqa.selenium.support.PageFactory.initElements(PageFactory.java:64)
at com.techmojo.web.automation.pages.LoginPage.<init>(LoginPage.java:23)
at java.lang.Class.newInstance(Class.java:442)
at org.openqa.selenium.support.PageFactory.instantiatePage(PageFactory.java:131)
at org.openqa.selenium.support.PageFactory.initElements(PageFactory.java:64)
at com.techmojo.web.automation.pages.LoginPage.<init>(LoginPage.java:23)
at java.lang.Class.newInstance(Class.java:442)
at org.openqa.selenium.support.PageFactory.instantiatePage(PageFactory.java:131)
at org.openqa.selenium.support.PageFactory.initElements(PageFactory.java:64)
at com.techmojo.web.automation.pages.LoginPage.<init>(LoginPage.java:23)
at java.lang.Class.newInstance(Class.java:442)
at org.openqa.selenium.support.PageFactory.instantiatePage(PageFactory.java:131)
at org.openqa.selenium.support.PageFactory.initElements(PageFactory.java:64)
at com.techmojo.web.automation.pages.LoginPage.<init>(LoginPage.java:23)
at java.lang.Class.newInstance(Class.java:442)
at org.openqa.selenium.support.PageFactory.instantiatePage(PageFactory.java:131)
at org.openqa.selenium.support.PageFactory.initElements(PageFactory.java:64)
at com.techmojo.web.automation.pages.LoginPage.<init>(LoginPage.java:23)
at java.lang.Class.newInstance(Class.java:442)
at org.openqa.selenium.support.PageFactory.instantiatePage(PageFactory.java:131)
at org.openqa.selenium.support.PageFactory.initElements(PageFactory.java:64)
at com.techmojo.web.automation.pages.LoginPage.<init>(LoginPage.java:23)
at java.lang.Class.newInstance(Class.java:442)
at org.openqa.selenium.support.PageFactory.instantiatePage(PageFactory.java:131)
at org.openqa.selenium.support.PageFactory.initElements(PageFactory.java:64)
at com.techmojo.web.automation.pages.LoginPage.<init>(LoginPage.java:23)
at java.lang.Class.newInstance(Class.java:442)
at org.openqa.selenium.support.PageFactory.instantiatePage(PageFactory.java:131)
at org.openqa.selenium.support.PageFactory.initElements(PageFactory.java:64)
at com.techmojo.web.automation.pages.LoginPage.<init>(LoginPage.java:23)
at java.lang.Class.newInstance(Class.java:442)
at org.openqa.selenium.support.PageFactory.instantiatePage(PageFactory.java:131)
at org.openqa.selenium.support.PageFactory.initElements(PageFactory.java:64)
at com.techmojo.web.automation.pages.LoginPage.<init>(LoginPage.java:23)
at java.lang.Class.newInstance(Class.java:442)
at org.openqa.selenium.support.PageFactory.instantiatePage(PageFactory.java:131)
at org.openqa.selenium.support.PageFactory.initElements(PageFactory.java:64)
at com.techmojo.web.automation.pages.LoginPage.<init>(LoginPage.java:23)
at java.lang.Class.newInstance(Class.java:442)
at org.openqa.selenium.support.PageFactory.instantiatePage(PageFactory.java:131)
at org.openqa.selenium.support.PageFactory.initElements(PageFactory.java:64)
at com.techmojo.web.automation.pages.LoginPage.<init>(LoginPage.java:23)
at java.lang.Class.newInstance(Class.java:442)
at org.openqa.selenium.support.PageFactory.instantiatePage(PageFactory.java:131)
at org.openqa.selenium.support.PageFactory.initElements(PageFactory.java:64)
at com.techmojo.web.automation.pages.LoginPage.<init>(LoginPage.java:23)
at java.lang.Class.newInstance(Class.java:442)
at org.openqa.selenium.support.PageFactory.instantiatePage(PageFactory.java:131)
at org.openqa.selenium.support.PageFactory.initElements(PageFactory.java:64)
at com.techmojo.web.automation.pages.LoginPage.<init>(LoginPage.java:23)
at java.lang.Class.newInstance(Class.java:442)
at org.openqa.selenium.support.PageFactory.instantiatePage(PageFactory.java:131)
at org.openqa.selenium.support.PageFactory.initElements(PageFactory.java:64)
at com.techmojo.web.automation.pages.LoginPage.<init>(LoginPage.java:23)
at java.lang.Class.newInstance(Class.java:442)
at org.openqa.selenium.support.PageFactory.instantiatePage(PageFactory.java:131)
at org.openqa.selenium.support.PageFactory.initElements(PageFactory.java:64)
at com.techmojo.web.automation.pages.LoginPage.<init>(LoginPage.java:23)
at java.lang.Class.newInstance(Class.java:442)
at org.openqa.selenium.support.PageFactory.instantiatePage(PageFactory.java:131)
at org.openqa.selenium.support.PageFactory.initElements(PageFactory.java:64)
at com.techmojo.web.automation.pages.LoginPage.<init>(LoginPage.java:23)
at java.lang.Class.newInstance(Class.java:442)
at org.openqa.selenium.support.PageFactory.instantiatePage(PageFactory.java:131)
at org.openqa.selenium.support.PageFactory.initElements(PageFactory.java:64)
at com.techmojo.web.automation.pages.LoginPage.<init>(LoginPage.java:23)
at java.lang.Class.newInstance(Class.java:442)
at org.openqa.selenium.support.PageFactory.instantiatePage(PageFactory.java:131)
at org.openqa.selenium.support.PageFactory.initElements(PageFactory.java:64)
at com.techmojo.web.automation.pages.LoginPage.<init>(LoginPage.java:23)
at java.lang.Class.newInstance(Class.java:442)
at org.openqa.selenium.support.PageFactory.instantiatePage(PageFactory.java:131)
at org.openqa.selenium.support.PageFactory.initElements(PageFactory.java:64)
at com.techmojo.web.automation.pages.LoginPage.<init>(LoginPage.java:23)
at java.lang.Class.newInstance(Class.java:442)
at org.openqa.selenium.support.PageFactory.instantiatePage(PageFactory.java:131)
at org.openqa.selenium.support.PageFactory.initElements(PageFactory.java:64)
at com.techmojo.web.automation.pages.LoginPage.<init>(LoginPage.java:23)
at java.lang.Class.newInstance(Class.java:442)
at org.openqa.selenium.support.PageFactory.instantiatePage(PageFactory.java:131)
at org.openqa.selenium.support.PageFactory.initElements(PageFactory.java:64)
at com.techmojo.web.automation.pages.LoginPage.<init>(LoginPage.java:23)
at java.lang.Class.newInstance(Class.java:442)
at org.openqa.selenium.support.PageFactory.instantiatePage(PageFactory.java:131)
at org.openqa.selenium.support.PageFactory.initElements(PageFactory.java:64)
at com.techmojo.web.automation.pages.LoginPage.<init>(LoginPage.java:23)
at java.lang.Class.newInstance(Class.java:442)
at org.openqa.selenium.support.PageFactory.instantiatePage(PageFactory.java:131)
at org.openqa.selenium.support.PageFactory.initElements(PageFactory.java:64)
at com.techmojo.web.automation.pages.LoginPage.<init>(LoginPage.java:23)
at java.lang.Class.newInstance(Class.java:442)
at org.openqa.selenium.support.PageFactory.instantiatePage(PageFactory.java:131)
at org.openqa.selenium.support.PageFactory.initElements(PageFactory.java:64)
at com.techmojo.web.automation.pages.LoginPage.<init>(LoginPage.java:23)
at java.lang.Class.newInstance(Class.java:442)
at org.openqa.selenium.support.PageFactory.instantiatePage(PageFactory.java:131)
at org.openqa.selenium.support.PageFactory.initElements(PageFactory.java:64)
at com.techmojo.web.automation.pages.LoginPage.<init>(LoginPage.java:23)
at java.lang.Class.newInstance(Class.java:442)
at org.openqa.selenium.support.PageFactory.instantiatePage(PageFactory.java:131)
at org.openqa.selenium.support.PageFactory.initElements(PageFactory.java:64)
at com.techmojo.web.automation.pages.LoginPage.<init>(LoginPage.java:23)
at java.lang.Class.newInstance(Class.java:442)
at org.openqa.selenium.support.PageFactory.instantiatePage(PageFactory.java:131)
at org.openqa.selenium.support.PageFactory.initElements(PageFactory.java:64)
at com.techmojo.web.automation.pages.LoginPage.<init>(LoginPage.java:23)
at java.lang.Class.newInstance(Class.java:442)
at org.openqa.selenium.support.PageFactory.instantiatePage(PageFactory.java:131)
at org.openqa.selenium.support.PageFactory.initElements(PageFactory.java:64)
at com.techmojo.web.automation.pages.LoginPage.<init>(LoginPage.java:23)
at java.lang.Class.newInstance(Class.java:442)
at org.openqa.selenium.support.PageFactory.instantiatePage(PageFactory.java:131)
at org.openqa.selenium.support.PageFactory.initElements(PageFactory.java:64)
at com.techmojo.web.automation.pages.LoginPage.<init>(LoginPage.java:23)
at java.lang.Class.newInstance(Class.java:442)
at org.openqa.selenium.support.PageFactory.instantiatePage(PageFactory.java:131)
at org.openqa.selenium.support.PageFactory.initElements(PageFactory.java:64)
at com.techmojo.web.automation.pages.LoginPage.<init>(LoginPage.java:23)
at java.lang.Class.newInstance(Class.java:442)
at org.openqa.selenium.support.PageFactory.instantiatePage(PageFactory.java:131)
at org.openqa.selenium.support.PageFactory.initElements(PageFactory.java:64)
at com.techmojo.web.automation.pages.LoginPage.<init>(LoginPage.java:23)
at java.lang.Class.newInstance(Class.java:442)
at org.openqa.selenium.support.PageFactory.instantiatePage(PageFactory.java:131)
at org.openqa.selenium.support.PageFactory.initElements(PageFactory.java:64)
at com.techmojo.web.automation.pages.LoginPage.<init>(LoginPage.java:23)
at java.lang.Class.newInstance(Class.java:442)
at org.openqa.selenium.support.PageFactory.instantiatePage(PageFactory.java:131)
at org.openqa.selenium.support.PageFactory.initElements(PageFactory.java:64)
at com.techmojo.web.automation.pages.LoginPage.<init>(LoginPage.java:23)
at java.lang.Class.newInstance(Class.java:442)
at org.openqa.selenium.support.PageFactory.instantiatePage(PageFactory.java:131)
at org.openqa.selenium.support.PageFactory.initElements(PageFactory.java:64)
at com.techmojo.web.automation.pages.LoginPage.<init>(LoginPage.java:23)
at java.lang.Class.newInstance(Class.java:442)
at org.openqa.selenium.support.PageFactory.instantiatePage(PageFactory.java:131)
at org.openqa.selenium.support.PageFactory.initElements(PageFactory.java:64)
at com.techmojo.web.automation.pages.LoginPage.<init>(LoginPage.java:23)
at java.lang.Class.newInstance(Class.java:442)
at org.openqa.selenium.support.PageFactory.instantiatePage(PageFactory.java:131)
at org.openqa.selenium.support.PageFactory.initElements(PageFactory.java:64)
at com.techmojo.web.automation.pages.LoginPage.<init>(LoginPage.java:23)
at java.lang.Class.newInstance(Class.java:442)
at org.openqa.selenium.support.PageFactory.instantiatePage(PageFactory.java:131)
at org.openqa.selenium.support.PageFactory.initElements(PageFactory.java:64)
at com.techmojo.web.automation.pages.LoginPage.<init>(LoginPage.java:23)
at java.lang.Class.newInstance(Class.java:442)
at org.openqa.selenium.support.PageFactory.instantiatePage(PageFactory.java:131)
at org.openqa.selenium.support.PageFactory.initElements(PageFactory.java:64)
at com.techmojo.web.automation.pages.LoginPage.<init>(LoginPage.java:23)
at java.lang.Class.newInstance(Class.java:442)
at org.openqa.selenium.support.PageFactory.instantiatePage(PageFactory.java:131)
at org.openqa.selenium.support.PageFactory.initElements(PageFactory.java:64)
at com.techmojo.web.automation.pages.LoginPage.<init>(LoginPage.java:23)
at java.lang.Class.newInstance(Class.java:442)
at org.openqa.selenium.support.PageFactory.instantiatePage(PageFactory.java:131)
at org.openqa.selenium.support.PageFactory.initElements(PageFactory.java:64)
at com.techmojo.web.automation.pages.LoginPage.<init>(LoginPage.java:23)
at java.lang.Class.newInstance(Class.java:442)
at org.openqa.selenium.support.PageFactory.instantiatePage(PageFactory.java:131)
at org.openqa.selenium.support.PageFactory.initElements(PageFactory.java:64)
at com.techmojo.web.automation.pages.LoginPage.<init>(LoginPage.java:23)
at java.lang.Class.newInstance(Class.java:442)
at org.openqa.selenium.support.PageFactory.instantiatePage(PageFactory.java:131)
at org.openqa.selenium.support.PageFactory.initElements(PageFactory.java:64)
at com.techmojo.web.automation.pages.LoginPage.<init>(LoginPage.java:23)
at java.lang.Class.newInstance(Class.java:442)
at org.openqa.selenium.support.PageFactory.instantiatePage(PageFactory.java:131)
at org.openqa.selenium.support.PageFactory.initElements(PageFactory.java:64)
at com.techmojo.web.automation.pages.LoginPage.<init>(LoginPage.java:23)
at java.lang.Class.newInstance(Class.java:442)
at org.openqa.selenium.support.PageFactory.instantiatePage(PageFactory.java:131)
at org.openqa.selenium.support.PageFactory.initElements(PageFactory.java:64)
at com.techmojo.web.automation.pages.LoginPage.<init>(LoginPage.java:23)
at java.lang.Class.newInstance(Class.java:442)
at org.openqa.selenium.support.PageFactory.instantiatePage(PageFactory.java:131)
at org.openqa.selenium.support.PageFactory.initElements(PageFactory.java:64)
at com.techmojo.web.automation.pages.LoginPage.<init>(LoginPage.java:23)
at java.lang.Class.newInstance(Class.java:442)
at org.openqa.selenium.support.PageFactory.instantiatePage(PageFactory.java:131)
at org.openqa.selenium.support.PageFactory.initElements(PageFactory.java:64)
at com.techmojo.web.automation.pages.LoginPage.<init>(LoginPage.java:23)
at java.lang.Class.newInstance(Class.java:442)
at org.openqa.selenium.support.PageFactory.instantiatePage(PageFactory.java:131)
at org.openqa.selenium.support.PageFactory.initElements(PageFactory.java:64)
at com.techmojo.web.automation.pages.LoginPage.<init>(LoginPage.java:23)
at java.lang.Class.newInstance(Class.java:442)
at org.openqa.selenium.support.PageFactory.instantiatePage(PageFactory.java:131)
at org.openqa.selenium.support.PageFactory.initElements(PageFactory.java:64)
at com.techmojo.web.automation.pages.LoginPage.<init>(LoginPage.java:23)
at java.lang.Class.newInstance(Class.java:442)
at org.openqa.selenium.support.PageFactory.instantiatePage(PageFactory.java:131)
at org.openqa.selenium.support.PageFactory.initElements(PageFactory.java:64)
at com.techmojo.web.automation.pages.LoginPage.<init>(LoginPage.java:23)
at java.lang.Class.newInstance(Class.java:442)
at org.openqa.selenium.support.PageFactory.instantiatePage(PageFactory.java:131)
at org.openqa.selenium.support.PageFactory.initElements(PageFactory.java:64)
... Removed 439 stack frames]]>
    </failure>
  </testcase> <!-- @BeforeMethod init -->
  <testcase name="@AfterMethod close" time="0.0" classname="com.techmojo.web.automation.testcases.LoginPageTest">
    <skipped/>
  </testcase> <!-- @AfterMethod close -->
  <testcase name="@AfterMethod flushReports" time="0.0" classname="com.techmojo.web.automation.base.TestBase">
    <skipped/>
  </testcase> <!-- @AfterMethod flushReports -->
  <testcase name="doLogin" time="0.0" classname="com.techmojo.web.automation.testcases.LoginPageTest">
    <skipped/>
  </testcase> <!-- doLogin -->
</testsuite> <!-- Command line test -->
